{
  "RSpec": {
    "coverage": {
      "/Users/inceptor/Projects/sei60/05-tdd/fruitstore/spec/models/fruit_spec.rb": {
        "lines": [
          1,
          null,
          1,
          2,
          null,
          1,
          1,
          2,
          null,
          null,
          1,
          1,
          null,
          null,
          1,
          1,
          1,
          1,
          1,
          1,
          1,
          null,
          null,
          null,
          1,
          1,
          2,
          null,
          null,
          1,
          1,
          null,
          null,
          1,
          1,
          1,
          1,
          1,
          1,
          1,
          null,
          null,
          null
        ]
      },
      "/Users/inceptor/Projects/sei60/05-tdd/fruitstore/spec/rails_helper.rb": {
        "lines": [
          null,
          1,
          1,
          1,
          null,
          1,
          1,
          null,
          null,
          null,
          null,
          null,
          null,
          null,
          null,
          null,
          null,
          null,
          null,
          null,
          null,
          null,
          null,
          null,
          null,
          null,
          null,
          1,
          null,
          0,
          0,
          null,
          1,
          null,
          1,
          null,
          null,
          null,
          null,
          1,
          null,
          null,
          null,
          null,
          null,
          null,
          null,
          null,
          null,
          null,
          null,
          null,
          null,
          null,
          null,
          null,
          null,
          1,
          null,
          null,
          1,
          null,
          null,
          null,
          1,
          1,
          1,
          1,
          null,
          null,
          null
        ]
      },
      "/Users/inceptor/Projects/sei60/05-tdd/fruitstore/config/environment.rb": {
        "lines": [
          null,
          1,
          null,
          null,
          1
        ]
      },
      "/Users/inceptor/Projects/sei60/05-tdd/fruitstore/config/application.rb": {
        "lines": [
          1,
          null,
          1,
          null,
          1,
          1,
          1,
          null,
          1,
          1,
          1,
          null,
          1,
          null,
          null,
          null,
          null,
          1,
          null,
          1,
          1,
          null,
          1,
          null,
          null,
          null,
          null,
          null,
          null,
          null,
          1,
          null,
          null
        ]
      },
      "/Users/inceptor/Projects/sei60/05-tdd/fruitstore/config/boot.rb": {
        "lines": [
          1,
          null,
          1,
          1
        ]
      },
      "/Users/inceptor/Projects/sei60/05-tdd/fruitstore/config/environments/test.rb": {
        "lines": [
          1,
          null,
          null,
          null,
          null,
          null,
          null,
          1,
          null,
          null,
          null,
          null,
          1,
          null,
          null,
          1,
          1,
          null,
          null,
          null,
          null,
          1,
          1,
          null,
          null,
          1,
          null,
          null,
          1,
          null,
          1,
          null,
          null,
          null,
          null,
          1,
          null,
          null,
          1,
          null,
          null,
          null,
          null
        ]
      },
      "/Users/inceptor/Projects/sei60/05-tdd/fruitstore/config/initializers/application_controller_renderer.rb": {
        "lines": [
          null,
          null,
          null,
          null,
          null,
          null,
          null,
          null
        ]
      },
      "/Users/inceptor/Projects/sei60/05-tdd/fruitstore/config/initializers/assets.rb": {
        "lines": [
          null,
          null,
          null,
          1,
          null,
          null,
          null,
          null,
          1,
          null,
          null,
          null,
          null,
          null
        ]
      },
      "/Users/inceptor/Projects/sei60/05-tdd/fruitstore/config/initializers/backtrace_silencers.rb": {
        "lines": [
          null,
          null,
          null,
          null,
          null,
          null,
          null
        ]
      },
      "/Users/inceptor/Projects/sei60/05-tdd/fruitstore/config/initializers/content_security_policy.rb": {
        "lines": [
          null,
          null,
          null,
          null,
          null,
          null,
          null,
          null,
          null,
          null,
          null,
          null,
          null,
          null,
          null,
          null,
          null,
          null,
          null,
          null,
          null,
          null,
          null,
          null,
          null
        ]
      },
      "/Users/inceptor/Projects/sei60/05-tdd/fruitstore/config/initializers/cookies_serializer.rb": {
        "lines": [
          null,
          null,
          null,
          null,
          1
        ]
      },
      "/Users/inceptor/Projects/sei60/05-tdd/fruitstore/config/initializers/filter_parameter_logging.rb": {
        "lines": [
          null,
          null,
          null,
          1
        ]
      },
      "/Users/inceptor/Projects/sei60/05-tdd/fruitstore/config/initializers/inflections.rb": {
        "lines": [
          null,
          null,
          null,
          null,
          null,
          null,
          null,
          null,
          null,
          null,
          null,
          null,
          null,
          null,
          null,
          null
        ]
      },
      "/Users/inceptor/Projects/sei60/05-tdd/fruitstore/config/initializers/mime_types.rb": {
        "lines": [
          null,
          null,
          null,
          null
        ]
      },
      "/Users/inceptor/Projects/sei60/05-tdd/fruitstore/config/initializers/wrap_parameters.rb": {
        "lines": [
          null,
          null,
          null,
          null,
          null,
          null,
          1,
          2,
          null,
          null,
          null,
          null,
          null,
          null
        ]
      },
      "/Users/inceptor/Projects/sei60/05-tdd/fruitstore/config/routes.rb": {
        "lines": [
          1,
          1,
          null
        ]
      },
      "/Users/inceptor/Projects/sei60/05-tdd/fruitstore/app/helpers/application_helper.rb": {
        "lines": [
          1,
          null
        ]
      },
      "/Users/inceptor/Projects/sei60/05-tdd/fruitstore/app/helpers/fruits_helper.rb": {
        "lines": [
          1,
          null
        ]
      },
      "/Users/inceptor/Projects/sei60/05-tdd/fruitstore/app/models/fruit.rb": {
        "lines": [
          1,
          1,
          null,
          1,
          null,
          1,
          1,
          null,
          null
        ]
      },
      "/Users/inceptor/Projects/sei60/05-tdd/fruitstore/app/models/application_record.rb": {
        "lines": [
          1,
          1,
          null
        ]
      },
      "/Users/inceptor/Projects/sei60/05-tdd/fruitstore/spec/models/shelf_spec.rb": {
        "lines": [
          1,
          null,
          1,
          2,
          null
        ]
      },
      "/Users/inceptor/Projects/sei60/05-tdd/fruitstore/app/models/shelf.rb": {
        "lines": [
          1,
          1,
          null
        ]
      },
      "/Users/inceptor/Projects/sei60/05-tdd/fruitstore/spec/requests/fruits_spec.rb": {
        "lines": [
          1,
          null,
          1,
          1,
          1,
          24,
          null,
          null,
          1,
          1,
          3,
          null,
          null,
          1,
          1,
          null,
          null,
          1,
          1,
          1,
          1,
          1,
          null,
          null,
          1,
          1,
          null,
          null,
          null,
          1,
          1,
          3,
          null,
          null,
          1,
          1,
          null,
          null,
          1,
          1,
          null,
          null,
          1,
          1,
          1,
          1,
          null,
          null,
          null,
          null,
          1,
          1,
          1,
          2,
          null,
          null,
          1,
          1,
          null,
          null,
          1,
          1,
          null,
          null,
          null,
          1,
          1,
          2,
          null,
          null,
          1,
          1,
          null,
          null,
          1,
          1,
          null,
          null,
          null,
          null
        ]
      },
      "/Users/inceptor/Projects/sei60/05-tdd/fruitstore/app/models/apple.rb": {
        "lines": [
          1,
          null
        ]
      },
      "/Users/inceptor/Projects/sei60/05-tdd/fruitstore/app/models/pear.rb": {
        "lines": [
          1,
          1,
          1,
          null,
          null
        ]
      },
      "/Users/inceptor/Projects/sei60/05-tdd/fruitstore/app/controllers/fruits_controller.rb": {
        "lines": [
          1,
          1,
          6,
          null,
          6,
          6,
          9,
          null,
          null,
          null,
          1,
          4,
          4,
          2,
          null,
          2,
          null,
          null,
          null,
          1,
          1,
          4,
          null,
          null
        ]
      },
      "/Users/inceptor/Projects/sei60/05-tdd/fruitstore/app/controllers/application_controller.rb": {
        "lines": [
          1,
          null
        ]
      }
    },
    "timestamp": 1677463111
  }
}
